2014-11-26 14:30:37 4728 [Note] Plugin 'FEDERATED' is disabled.
2014-11-26 14:30:37 4728 [Note] InnoDB: The InnoDB memory heap is disabled
2014-11-26 14:30:37 4728 [Note] InnoDB: Mutexes and rw_locks use Windows interlocked functions
2014-11-26 14:30:37 4728 [Note] InnoDB: Compressed tables use zlib 1.2.3
2014-11-26 14:30:37 4728 [Note] InnoDB: Not using CPU crc32 instructions
2014-11-26 14:30:37 4728 [Note] InnoDB: Initializing buffer pool, size = 128.0M
2014-11-26 14:30:37 4728 [Note] InnoDB: Completed initialization of buffer pool
2014-11-26 14:30:37 4728 [Note] InnoDB: Setting log file C:\Users\11627\Desktop\USBWebserver v8.6\mysql\data\ib_logfile101 size to 5 MB
2014-11-26 14:30:37 4728 [Note] InnoDB: Setting log file C:\Users\11627\Desktop\USBWebserver v8.6\mysql\data\ib_logfile1 size to 5 MB
2014-11-26 14:30:37 4728 [Note] InnoDB: Renaming log file C:\Users\11627\Desktop\USBWebserver v8.6\mysql\data\ib_logfile101 to C:\Users\11627\Desktop\USBWebserver v8.6\mysql\data\ib_logfile0
2014-11-26 14:30:37 4728 [Warning] InnoDB: New log files created, LSN=1626134
2014-11-26 14:30:37 4728 [Note] InnoDB: Highest supported file format is Barracuda.
2014-11-26 14:30:38 4728 [Note] InnoDB: 128 rollback segment(s) are active.
2014-11-26 14:30:38 4728 [Note] InnoDB: Waiting for purge to start
2014-11-26 14:30:38 4728 [Note] InnoDB: 5.6.13 started; log sequence number 1626636
2014-11-26 14:30:38 4728 [Warning] No existing UUID has been found, so we assume that this is the first time that this server has been started. Generating a new UUID: 68cc362f-7570-11e4-85fe-f8bc12727e4c.
2014-11-26 14:30:38 4728 [Note] Server hostname (bind-address): '*'; port: 3307
2014-11-26 14:30:38 4728 [Note] IPv6 is available.
2014-11-26 14:30:38 4728 [Note]   - '::' resolves to '::';
2014-11-26 14:30:38 4728 [Note] Server socket created on IP: '::'.
2014-11-26 14:30:39 4728 [Note] Event Scheduler: Loaded 0 events
2014-11-26 14:30:39 4728 [Note] C:\Users\11627\Desktop\USBWebserver v8.6/mysql/bin/mysqld_usbwv8.exe: ready for connections.
Version: '5.6.13'  socket: ''  port: 3307  MySQL Community Server (GPL)
2014-11-26 16:34:35 3620 [Note] Plugin 'FEDERATED' is disabled.
2014-11-26 16:34:35 3620 [Note] InnoDB: The InnoDB memory heap is disabled
2014-11-26 16:34:35 3620 [Note] InnoDB: Mutexes and rw_locks use Windows interlocked functions
2014-11-26 16:34:35 3620 [Note] InnoDB: Compressed tables use zlib 1.2.3
2014-11-26 16:34:35 3620 [Note] InnoDB: Not using CPU crc32 instructions
2014-11-26 16:34:35 3620 [Note] InnoDB: Initializing buffer pool, size = 128.0M
2014-11-26 16:34:35 3620 [Note] InnoDB: Completed initialization of buffer pool
2014-11-26 16:34:35 3620 [Note] InnoDB: Highest supported file format is Barracuda.
2014-11-26 16:34:35 3620 [Note] InnoDB: The log sequence numbers 1626134 and 1626134 in ibdata files do not match the log sequence number 1666945 in the ib_logfiles!
2014-11-26 16:34:35 3620 [Note] InnoDB: Database was not shutdown normally!
2014-11-26 16:34:35 3620 [Note] InnoDB: Starting crash recovery.
2014-11-26 16:34:35 3620 [Note] InnoDB: Reading tablespace information from the .ibd files...
2014-11-26 16:34:35 3620 [Note] InnoDB: Restoring possible half-written data pages 
2014-11-26 16:34:35 3620 [Note] InnoDB: from the doublewrite buffer...
2014-11-26 16:34:35 3620 [Note] InnoDB: 128 rollback segment(s) are active.
2014-11-26 16:34:35 3620 [Note] InnoDB: Waiting for purge to start
2014-11-26 16:34:35 3620 [Note] InnoDB: 5.6.13 started; log sequence number 1666945
2014-11-26 16:34:35 3620 [Note] Server hostname (bind-address): '*'; port: 3307
2014-11-26 16:34:35 3620 [Note] IPv6 is available.
2014-11-26 16:34:35 3620 [Note]   - '::' resolves to '::';
2014-11-26 16:34:35 3620 [Note] Server socket created on IP: '::'.
2014-11-26 16:34:35 3620 [Note] Event Scheduler: Loaded 0 events
2014-11-26 16:34:35 3620 [Note] C:\Users\11627\Desktop\USBWebserver v8.6/mysql/bin/mysqld_usbwv8.exe: ready for connections.
Version: '5.6.13'  socket: ''  port: 3307  MySQL Community Server (GPL)
2014-11-27 15:39:07 5180 [Note] Plugin 'FEDERATED' is disabled.
2014-11-27 15:39:07 5180 [Note] InnoDB: The InnoDB memory heap is disabled
2014-11-27 15:39:07 5180 [Note] InnoDB: Mutexes and rw_locks use Windows interlocked functions
2014-11-27 15:39:07 5180 [Note] InnoDB: Compressed tables use zlib 1.2.3
2014-11-27 15:39:07 5180 [Note] InnoDB: Not using CPU crc32 instructions
2014-11-27 15:39:07 5180 [Note] InnoDB: Initializing buffer pool, size = 128.0M
2014-11-27 15:39:07 5180 [Note] InnoDB: Completed initialization of buffer pool
2014-11-27 15:39:07 5180 [Note] InnoDB: Highest supported file format is Barracuda.
2014-11-27 15:39:07 5180 [Note] InnoDB: The log sequence numbers 1626134 and 1626134 in ibdata files do not match the log sequence number 1667067 in the ib_logfiles!
2014-11-27 15:39:07 5180 [Note] InnoDB: Database was not shutdown normally!
2014-11-27 15:39:07 5180 [Note] InnoDB: Starting crash recovery.
2014-11-27 15:39:07 5180 [Note] InnoDB: Reading tablespace information from the .ibd files...
2014-11-27 15:39:07 5180 [Note] InnoDB: Restoring possible half-written data pages 
2014-11-27 15:39:07 5180 [Note] InnoDB: from the doublewrite buffer...
2014-11-27 15:39:08 5180 [Note] InnoDB: 128 rollback segment(s) are active.
2014-11-27 15:39:08 5180 [Note] InnoDB: Waiting for purge to start
2014-11-27 15:39:08 5180 [Note] InnoDB: 5.6.13 started; log sequence number 1667067
2014-11-27 15:39:08 5180 [Note] Server hostname (bind-address): '*'; port: 3307
2014-11-27 15:39:08 5180 [Note] IPv6 is available.
2014-11-27 15:39:08 5180 [Note]   - '::' resolves to '::';
2014-11-27 15:39:08 5180 [Note] Server socket created on IP: '::'.
2014-11-27 15:39:10 5180 [Note] Event Scheduler: Loaded 0 events
2014-11-27 15:39:10 5180 [Note] C:\Users\11627\Desktop\USBWebserver v8.6/mysql/bin/mysqld_usbwv8.exe: ready for connections.
Version: '5.6.13'  socket: ''  port: 3307  MySQL Community Server (GPL)
2014-12-01 13:42:09 2956 [Note] Plugin 'FEDERATED' is disabled.
2014-12-01 13:42:09 2956 [Note] InnoDB: The InnoDB memory heap is disabled
2014-12-01 13:42:09 2956 [Note] InnoDB: Mutexes and rw_locks use Windows interlocked functions
2014-12-01 13:42:09 2956 [Note] InnoDB: Compressed tables use zlib 1.2.3
2014-12-01 13:42:09 2956 [Note] InnoDB: Not using CPU crc32 instructions
2014-12-01 13:42:09 2956 [Note] InnoDB: Initializing buffer pool, size = 128.0M
2014-12-01 13:42:09 2956 [Note] InnoDB: Completed initialization of buffer pool
2014-12-01 13:42:09 2956 [Note] InnoDB: Highest supported file format is Barracuda.
2014-12-01 13:42:09 2956 [Note] InnoDB: The log sequence numbers 1626134 and 1626134 in ibdata files do not match the log sequence number 1677924 in the ib_logfiles!
2014-12-01 13:42:09 2956 [Note] InnoDB: Database was not shutdown normally!
2014-12-01 13:42:09 2956 [Note] InnoDB: Starting crash recovery.
2014-12-01 13:42:09 2956 [Note] InnoDB: Reading tablespace information from the .ibd files...
2014-12-01 13:42:10 2956 [Note] InnoDB: Restoring possible half-written data pages 
2014-12-01 13:42:10 2956 [Note] InnoDB: from the doublewrite buffer...
2014-12-01 13:42:11 2956 [Note] InnoDB: 128 rollback segment(s) are active.
2014-12-01 13:42:11 2956 [Note] InnoDB: Waiting for purge to start
2014-12-01 13:42:11 2956 [Note] InnoDB: 5.6.13 started; log sequence number 1677924
2014-12-01 13:42:11 2956 [Note] Server hostname (bind-address): '*'; port: 3307
2014-12-01 13:42:11 2956 [Note] IPv6 is available.
2014-12-01 13:42:11 2956 [Note]   - '::' resolves to '::';
2014-12-01 13:42:11 2956 [Note] Server socket created on IP: '::'.
2014-12-01 13:42:14 2956 [Note] Event Scheduler: Loaded 0 events
2014-12-01 13:42:14 2956 [Note] C:\Users\11627\Desktop\USBWebserver v8.6/mysql/bin/mysqld_usbwv8.exe: ready for connections.
Version: '5.6.13'  socket: ''  port: 3307  MySQL Community Server (GPL)
